-------------------------------------------------------------------------------
Test set: edu.zut.cs.software.star.admin.dao.GroupDaoTest
-------------------------------------------------------------------------------
Tests run: 1, Failures: 1, Errors: 0, Skipped: 0, Time elapsed: 50.029 s <<< FAILURE! - in edu.zut.cs.software.star.admin.dao.GroupDaoTest
testGetRoot(edu.zut.cs.software.star.admin.dao.GroupDaoTest)  Time elapsed: 42.453 s  <<< FAILURE!
java.lang.AssertionError: expected:<10> but was:<25>
	at edu.zut.cs.software.star.admin.dao.GroupDaoTest.testGetRoot(GroupDaoTest.java:50)

