-------------------------------------------------------------------------------
Test set: edu.zut.cs.software.OSALS.student.service.StudentManagerTest
-------------------------------------------------------------------------------
Tests run: 2, Failures: 1, Errors: 0, Skipped: 0, Time elapsed: 1.287 s <<< FAILURE! - in edu.zut.cs.software.OSALS.student.service.StudentManagerTest
testGetAll(edu.zut.cs.software.OSALS.student.service.StudentManagerTest)  Time elapsed: 0.281 s  <<< FAILURE!
java.lang.AssertionError: expected:<71> but was:<0>
	at edu.zut.cs.software.OSALS.student.service.StudentManagerTest.testGetAll(StudentManagerTest.java:43)

