-------------------------------------------------------------------------------
Test set: edu.zut.cs.OSALS.admin.domain.StudentTest
-------------------------------------------------------------------------------
Tests run: 1, Failures: 0, Errors: 1, Skipped: 0, Time elapsed: 1.644 s <<< FAILURE! - in edu.zut.cs.OSALS.admin.domain.StudentTest
Save(edu.zut.cs.OSALS.admin.domain.StudentTest)  Time elapsed: 0 s  <<< ERROR!
java.lang.IllegalStateException: Failed to load ApplicationContext
Caused by: org.springframework.beans.factory.BeanCreationException: Error creating bean with name 'shopDao': Invocation of init method failed; nested exception is java.lang.NoClassDefFoundError: org/hibernate/query/Query
Caused by: java.lang.NoClassDefFoundError: org/hibernate/query/Query

